#
# There is insufficient memory for the Java Runtime Environment to continue.
# Native memory allocation (mmap) failed to map 134217728 bytes for G1 virtual space
# Possible reasons:
#   The system is out of physical RAM or swap space
#   The process is running with CompressedOops enabled, and the Java Heap may be blocking the growth of the native heap
# Possible solutions:
#   Reduce memory load on the system
#   Increase physical memory or swap space
#   Check if swap backing store is full
#   Decrease Java heap size (-Xmx/-Xms)
#   Decrease number of Java threads
#   Decrease Java thread stack sizes (-Xss)
#   Set larger code cache with -XX:ReservedCodeCacheSize=
#   JVM is running with Unscaled Compressed Oops mode in which the Java heap is
#     placed in the first 4GB address space. The Java Heap base address is the
#     maximum limit for the native heap growth. Please use -XX:HeapBaseMinAddress
#     to set the Java Heap base and to place the Java Heap above 4GB virtual address.
# This output file may be truncated or incomplete.
#
#  Out of Memory Error (os_windows.cpp:3469), pid=17544, tid=5872
#
# JRE version:  (17.0.1+12) (build )
# Java VM: Java HotSpot(TM) 64-Bit Server VM (17.0.1+12-LTS-39, mixed mode, sharing, tiered, compressed oops, compressed class ptrs, g1 gc, windows-amd64)
# No core dump will be written. Minidumps are not enabled by default on client versions of Windows
#

---------------  S U M M A R Y ------------

Command Line: -Dfile.encoding=UTF-8 --module-path=C:\Users\hp\Desktop\Project_Finalest_Edit\build\classes Main.Main

Host: Intel(R) Core(TM) i5-5300U CPU @ 2.30GHz, 4 cores, 7G,  Windows 10 , 64 bit Build 19041 (10.0.19041.1348)
Time: Thu Dec 30 14:05:46 2021 Morocco Daylight Time elapsed time: 0.018814 seconds (0d 0h 0m 0s)

---------------  T H R E A D  ---------------

Current thread (0x000002ac891de150):  JavaThread "Unknown thread" [_thread_in_vm, id=5872, stack(0x000000c711c00000,0x000000c711d00000)]

Stack: [0x000000c711c00000,0x000000c711d00000]
Native frames: (J=compiled Java code, j=interpreted, Vv=VM code, C=native code)
V  [jvm.dll+0x66fa1a]
V  [jvm.dll+0x7ce5a4]
V  [jvm.dll+0x7cfd4e]
V  [jvm.dll+0x7d03b3]
V  [jvm.dll+0x242b05]
V  [jvm.dll+0x66ca39]
V  [jvm.dll+0x661502]
V  [jvm.dll+0x30081b]
V  [jvm.dll+0x307da6]
V  [jvm.dll+0x357a1e]
V  [jvm.dll+0x357c4f]
V  [jvm.dll+0x2d7ad8]
V  [jvm.dll+0x2d8a44]
V  [jvm.dll+0x7a01e1]
V  [jvm.dll+0x365791]
V  [jvm.dll+0x77f6cc]
V  [jvm.dll+0x3e812f]
V  [jvm.dll+0x3e9bd1]
C  [jli.dll+0x527b]
C  [ucrtbase.dll+0x21bb2]
C  [KERNEL32.DLL+0x17034]
C  [ntdll.dll+0x52651]


---------------  P R O C E S S  ---------------

Threads class SMR info:
_java_thread_list=0x00007ffa1d4a7818, length=0, elements={
}

Java Threads: ( => current thread )

Other Threads:
  0x000002ac8921a6b0 GCTaskThread "GC Thread#0" [stack: 0x000000c711d00000,0x000000c711e00000] [id=4896]
  0x000002ac8922c240 ConcurrentGCThread "G1 Main Marker" [stack: 0x000000c711e00000,0x000000c711f00000] [id=18140]
  0x000002ac8922d3f0 ConcurrentGCThread "G1 Conc#0" [stack: 0x000000c711f00000,0x000000c712000000] [id=2296]

[error occurred during error reporting (printing all threads), id 0xc0000005, EXCEPTION_ACCESS_VIOLATION (0xc0000005) at pc=0x00007ffa1ccf84b7]

VM state: not at safepoint (not fully initialized)

VM Mutex/Monitor currently owned by a thread:  ([mutex/lock_event])
[0x000002ac891d9d00] Heap_lock - owner thread: 0x000002ac891de150

Heap address: 0x0000000081e00000, size: 2018 MB, Compressed Oops mode: 32-bit

CDS archive(s) mapped at: [0x0000000000000000-0x0000000000000000-0x0000000000000000), size 0, SharedBaseAddress: 0x0000000800000000, ArchiveRelocationMode: 0.
Narrow klass base: 0x0000000000000000, Narrow klass shift: 0, Narrow klass range: 0x0

GC Precious Log:
<Empty>

Heap:
 garbage-first heap   total 0K, used 0K [0x0000000081e00000, 0x0000000100000000)
  region size 1024K, 0 young (0K), 0 survivors (0K)

[error occurred during error reporting (printing heap information), id 0xc0000005, EXCEPTION_ACCESS_VIOLATION (0xc0000005) at pc=0x00007ffa1d0d8d89]

GC Heap History (0 events):
No events

Deoptimization events (0 events):
No events

Classes unloaded (0 events):
No events

Classes redefined (0 events):
No events

Internal exceptions (0 events):
No events

VM Operations (0 events):
No events

Events (1 events):
Event: 0.010 Loaded shared library C:\Program Files\Java\jdk-17.0.1\bin\java.dll


Dynamic libraries:
0x00007ff7bc6c0000 - 0x00007ff7bc6d0000 	C:\Program Files\Java\jdk-17.0.1\bin\java.exe
0x00007ffa8b530000 - 0x00007ffa8b725000 	C:\Windows\SYSTEM32\ntdll.dll
0x00007ffa89e30000 - 0x00007ffa89eee000 	C:\Windows\System32\KERNEL32.DLL
0x00007ffa88e30000 - 0x00007ffa890f8000 	C:\Windows\System32\KERNELBASE.dll
0x00007ffa893c0000 - 0x00007ffa894c0000 	C:\Windows\System32\ucrtbase.dll
0x00007ffa81e30000 - 0x00007ffa81e4a000 	C:\Program Files\Java\jdk-17.0.1\bin\VCRUNTIME140.dll
0x00007ffa80590000 - 0x00007ffa805a8000 	C:\Program Files\Java\jdk-17.0.1\bin\jli.dll
0x00007ffa8ade0000 - 0x00007ffa8ae8c000 	C:\Windows\System32\ADVAPI32.dll
0x00007ffa89ef0000 - 0x00007ffa89f8e000 	C:\Windows\System32\msvcrt.dll
0x00007ffa8ae90000 - 0x00007ffa8af2b000 	C:\Windows\System32\sechost.dll
0x00007ffa8ac90000 - 0x00007ffa8adba000 	C:\Windows\System32\RPCRT4.dll
0x00007ffa896d0000 - 0x00007ffa89871000 	C:\Windows\System32\USER32.dll
0x00007ffa88dd0000 - 0x00007ffa88df2000 	C:\Windows\System32\win32u.dll
0x00007ffa8b140000 - 0x00007ffa8b16b000 	C:\Windows\System32\GDI32.dll
0x00007ffa77710000 - 0x00007ffa779aa000 	C:\Windows\WinSxS\amd64_microsoft.windows.common-controls_6595b64144ccf1df_6.0.19041.1110_none_60b5254171f9507e\COMCTL32.dll
0x00007ffa89260000 - 0x00007ffa8936d000 	C:\Windows\System32\gdi32full.dll
0x00007ffa88c40000 - 0x00007ffa88cdd000 	C:\Windows\System32\msvcp_win.dll
0x00007ffa7c7f0000 - 0x00007ffa7c7fa000 	C:\Windows\SYSTEM32\VERSION.dll
0x00007ffa8b000000 - 0x00007ffa8b030000 	C:\Windows\System32\IMM32.DLL
0x00007ffa81e20000 - 0x00007ffa81e2c000 	C:\Program Files\Java\jdk-17.0.1\bin\vcruntime140_1.dll
0x00007ffa803d0000 - 0x00007ffa8045d000 	C:\Program Files\Java\jdk-17.0.1\bin\msvcp140.dll
0x00007ffa1ca10000 - 0x00007ffa1d5ce000 	C:\Program Files\Java\jdk-17.0.1\bin\server\jvm.dll
0x00007ffa8b170000 - 0x00007ffa8b178000 	C:\Windows\System32\PSAPI.DLL
0x00007ffa52110000 - 0x00007ffa52119000 	C:\Windows\SYSTEM32\WSOCK32.dll
0x00007ffa78e00000 - 0x00007ffa78e27000 	C:\Windows\SYSTEM32\WINMM.dll
0x00007ffa8af90000 - 0x00007ffa8affb000 	C:\Windows\System32\WS2_32.dll
0x00007ffa874c0000 - 0x00007ffa874d2000 	C:\Windows\SYSTEM32\kernel.appcore.dll
0x00007ffa81de0000 - 0x00007ffa81dea000 	C:\Program Files\Java\jdk-17.0.1\bin\jimage.dll
0x00007ffa86b00000 - 0x00007ffa86ce4000 	C:\Windows\SYSTEM32\DBGHELP.DLL
0x00007ffa748e0000 - 0x00007ffa7490c000 	C:\Windows\SYSTEM32\dbgcore.DLL
0x00007ffa88d40000 - 0x00007ffa88dc2000 	C:\Windows\System32\bcryptPrimitives.dll
0x00007ffa81850000 - 0x00007ffa81875000 	C:\Program Files\Java\jdk-17.0.1\bin\java.dll

dbghelp: loaded successfully - version: 4.0.5 - missing functions: none
symbol engine: initialized successfully - sym options: 0x614 - pdb path: .;C:\Program Files\Java\jdk-17.0.1\bin;C:\Windows\SYSTEM32;C:\Windows\WinSxS\amd64_microsoft.windows.common-controls_6595b64144ccf1df_6.0.19041.1110_none_60b5254171f9507e;C:\Program Files\Java\jdk-17.0.1\bin\server

VM Arguments:
jvm_args: -Dfile.encoding=UTF-8 --module-path=C:\Users\hp\Desktop\Project_Finalest_Edit\build\classes 
java_command: Main.Main
java_class_path (initial): C:\Program Files\NetBeans-12.5\netbeans\java\modules\ext\AbsoluteLayout.jar;C:\Users\hp\Desktop\JAR\com.mysql.jdbc_5.1.5.jar;C:\Users\hp\Desktop\JAR\TimingFramework-0.55.jar;C:\Users\hp\Desktop\JAR\filters-2.0.235.jar;C:\Users\hp\Desktop\JAR\swing-worker-1.1.jar;C:\Users\hp\Desktop\JAR\swingx-1.6.1.jar;C:\Users\hp\Desktop\Project_Finalest_Edit\build\classes
Launcher Type: SUN_STANDARD

[Global flags]
     intx CICompilerCount                          = 3                                         {product} {ergonomic}
     uint ConcGCThreads                            = 1                                         {product} {ergonomic}
     uint G1ConcRefinementThreads                  = 4                                         {product} {ergonomic}
   size_t G1HeapRegionSize                         = 1048576                                   {product} {ergonomic}
    uintx GCDrainStackTargetSize                   = 64                                        {product} {ergonomic}
   size_t InitialHeapSize                          = 134217728                                 {product} {ergonomic}
   size_t MarkStackSize                            = 4194304                                   {product} {ergonomic}
   size_t MaxHeapSize                              = 2116026368                                {product} {ergonomic}
   size_t MinHeapDeltaBytes                        = 1048576                                   {product} {ergonomic}
   size_t MinHeapSize                              = 8388608                                   {product} {ergonomic}
    uintx NonNMethodCodeHeapSize                   = 5832780                                {pd product} {ergonomic}
    uintx NonProfiledCodeHeapSize                  = 122912730                              {pd product} {ergonomic}
    uintx ProfiledCodeHeapSize                     = 122912730                              {pd product} {ergonomic}
    uintx ReservedCodeCacheSize                    = 251658240                              {pd product} {ergonomic}
     bool SegmentedCodeCache                       = true                                      {product} {ergonomic}
   size_t SoftMaxHeapSize                          = 2116026368                             {manageable} {ergonomic}
     bool UseCompressedClassPointers               = true                           {product lp64_product} {ergonomic}
     bool UseCompressedOops                        = true                           {product lp64_product} {ergonomic}
     bool UseG1GC                                  = true                                      {product} {ergonomic}
     bool UseLargePagesIndividualAllocation        = false                                  {pd product} {ergonomic}

Logging:
Log output configuration:
 #0: stdout all=warning uptime,level,tags
 #1: stderr all=off uptime,level,tags

Environment Variables:
PATH=C:\Program Files\Common Files\Oracle\Java\javapath;C:\Oracle19c\bin;C:\Program Files (x86)\NVIDIA Corporation\PhysX\Common;C:\Windows\system32;C:\Windows;C:\Windows\System32\Wbem;C:\Windows\System32\WindowsPowerShell\v1.0\;C:\Windows\System32\OpenSSH\;C:\MinGW\bin;C:\Program Files\Microsoft SQL Server\Client SDK\ODBC\170\Tools\Binn\;C:\Program Files (x86)\Microsoft SQL Server\150\Tools\Binn\;C:\Program Files\Microsoft SQL Server\150\Tools\Binn\;C:\Program Files\Microsoft SQL Server\150\DTS\Binn\;C:\Program Files\Azure Data Studio\bin;C:\Program Files\Microsoft SQL Server\110\DTS\Binn\;C:\Program Files (x86)\Microsoft SQL Server\110\Tools\Binn\;C:\Program Files\Microsoft SQL Server\110\Tools\Binn\;C:\Program Files (x86)\Microsoft SQL Server\110\Tools\Binn\ManagementStudio\;C:\Program Files (x86)\Microsoft Visual Studio 10.0\Common7\IDE\PrivateAssemblies\;C:\Program Files (x86)\Microsoft SQL Server\110\DTS\Binn\;C:\Program Files\Git\cmd;C:\Users\hp\AppData\Local\Microsoft\WindowsApps;;C:\Program Files\Azure Data Studio\bin;C:\Users\hp\AppData\Local\Programs\Microsoft VS Code\bin
USERNAME=hp
OS=Windows_NT
PROCESSOR_IDENTIFIER=Intel64 Family 6 Model 61 Stepping 4, GenuineIntel



---------------  S Y S T E M  ---------------

OS:
 Windows 10 , 64 bit Build 19041 (10.0.19041.1348)
OS uptime: 4 days 0:59 hours

CPU: total 4 (initial active 4) (2 cores per cpu, 2 threads per core) family 6 model 61 stepping 4 microcode 0x2d, cx8, cmov, fxsr, ht, mmx, 3dnowpref, sse, sse2, sse3, ssse3, sse4.1, sse4.2, popcnt, lzcnt, tsc, tscinvbit, avx, avx2, aes, erms, clmul, bmi1, bmi2, rtm, adx, fma, vzeroupper, clflush

Memory: 4k page, system-wide physical 8067M (1650M free)
TotalPageFile size 11067M (AvailPageFile size 36M)
current process WorkingSet (physical memory assigned to process): 10M, peak: 10M
current process commit charge ("private bytes"): 51M, peak: 179M

vm_info: Java HotSpot(TM) 64-Bit Server VM (17.0.1+12-LTS-39) for windows-amd64 JRE (17.0.1+12-LTS-39), built on Sep 27 2021 18:41:35 by "mach5one" with MS VC++ 16.8 (VS2019)

END.
